# JRE version: OpenJDK Runtime Environment (17.0.6) (build 17.0.6+0-17.0.6b829.9-10027231)
# Java VM: OpenJDK 64-Bit Server VM (17.0.6+0-17.0.6b829.9-10027231, mixed mode, tiered, compressed oops, compressed class ptrs, g1 gc, linux-amd64)
GC Precious Log:
 CPUs: 12 total, 12 available
 Memory: 17820M
 Large Page Support: Disabled
 NUMA Support: Disabled
 Compressed Oops: Enabled (Zero based)
 Heap Region Size: 4M
 Heap Min Capacity: 8M
 Heap Initial Capacity: 280M
 Heap Max Capacity: 4456M
 Pre-touch: Disabled
 Parallel Workers: 10
 Concurrent Workers: 3
 Concurrent Refinement Workers: 10
 Periodic GC: Disabled
Heap:
 garbage-first heap   total 122880K, used 84888K [0x00000006e9800000, 0x0000000800000000)
  region size 4096K, 11 young (45056K), 1 survivors (4096K)
 Metaspace       used 53982K, committed 54272K, reserved 1097728K
  class space    used 6374K, committed 6528K, reserved 1048576K
GC Heap History (20 events):
Event: 0,806 GC heap after
{Heap after GC invocations=2 (full 0):
 garbage-first heap   total 286720K, used 9862K [0x00000006e9800000, 0x0000000800000000)
  region size 4096K, 1 young (4096K), 1 survivors (4096K)
 Metaspace       used 18367K, committed 18496K, reserved 1073152K
  class space    used 1902K, committed 1984K, reserved 1048576K
}
Event: 0,924 GC heap before
{Heap before GC invocations=2 (full 0):
 garbage-first heap   total 286720K, used 18054K [0x00000006e9800000, 0x0000000800000000)
  region size 4096K, 4 young (16384K), 1 survivors (4096K)
 Metaspace       used 21386K, committed 21504K, reserved 1073152K
  class space    used 2351K, committed 2432K, reserved 1048576K
}
Event: 0,928 GC heap after
{Heap after GC invocations=3 (full 0):
 garbage-first heap   total 286720K, used 10462K [0x00000006e9800000, 0x0000000800000000)
  region size 4096K, 1 young (4096K), 1 survivors (4096K)
 Metaspace       used 21386K, committed 21504K, reserved 1073152K
  class space    used 2351K, committed 2432K, reserved 1048576K
}
Event: 1,312 GC heap before
{Heap before GC invocations=4 (full 0):
 garbage-first heap   total 57344K, used 39134K [0x00000006e9800000, 0x0000000800000000)
  region size 4096K, 8 young (32768K), 1 survivors (4096K)
 Metaspace       used 29601K, committed 29824K, reserved 1081344K
  class space    used 3671K, committed 3776K, reserved 1048576K
}
Event: 1,317 GC heap after
{Heap after GC invocations=5 (full 0):
 garbage-first heap   total 57344K, used 13063K [0x00000006e9800000, 0x0000000800000000)
  region size 4096K, 1 young (4096K), 1 survivors (4096K)
 Metaspace       used 29601K, committed 29824K, reserved 1081344K
  class space    used 3671K, committed 3776K, reserved 1048576K
}
Event: 1,339 GC heap before
{Heap before GC invocations=5 (full 0):
 garbage-first heap   total 57344K, used 17159K [0x00000006e9800000, 0x0000000800000000)
  region size 4096K, 2 young (8192K), 1 survivors (4096K)
 Metaspace       used 29619K, committed 29824K, reserved 1081344K
  class space    used 3671K, committed 3776K, reserved 1048576K
}
Event: 1,348 GC heap after
{Heap after GC invocations=6 (full 0):
 garbage-first heap   total 57344K, used 14411K [0x00000006e9800000, 0x0000000800000000)
  region size 4096K, 1 young (4096K), 1 survivors (4096K)
 Metaspace       used 29619K, committed 29824K, reserved 1081344K
  class space    used 3671K, committed 3776K, reserved 1048576K
}
Event: 1,479 GC heap before
{Heap before GC invocations=6 (full 0):
 garbage-first heap   total 57344K, used 26699K [0x00000006e9800000, 0x0000000800000000)
  region size 4096K, 5 young (20480K), 1 survivors (4096K)
 Metaspace       used 31510K, committed 31744K, reserved 1081344K
  class space    used 4101K, committed 4224K, reserved 1048576K
}
Event: 1,486 GC heap after
{Heap after GC invocations=7 (full 0):
 garbage-first heap   total 172032K, used 18850K [0x00000006e9800000, 0x0000000800000000)
  region size 4096K, 1 young (4096K), 1 survivors (4096K)
 Metaspace       used 31510K, committed 31744K, reserved 1081344K
  class space    used 4101K, committed 4224K, reserved 1048576K
}
Event: 1,692 GC heap before
{Heap before GC invocations=7 (full 0):
 garbage-first heap   total 172032K, used 35234K [0x00000006e9800000, 0x0000000800000000)
  region size 4096K, 6 young (24576K), 1 survivors (4096K)
 Metaspace       used 35908K, committed 36096K, reserved 1081344K
  class space    used 4592K, committed 4672K, reserved 1048576K
}
Event: 1,697 GC heap after
{Heap after GC invocations=8 (full 0):
 garbage-first heap   total 172032K, used 19491K [0x00000006e9800000, 0x0000000800000000)
  region size 4096K, 2 young (8192K), 2 survivors (8192K)
 Metaspace       used 35908K, committed 36096K, reserved 1081344K
  class space    used 4592K, committed 4672K, reserved 1048576K
}
Event: 2,274 GC heap before
{Heap before GC invocations=9 (full 0):
 garbage-first heap   total 98304K, used 64547K [0x00000006e9800000, 0x0000000800000000)
  region size 4096K, 14 young (57344K), 2 survivors (8192K)
 Metaspace       used 46572K, committed 46784K, reserved 1089536K
  class space    used 5710K, committed 5824K, reserved 1048576K
}
Event: 2,284 GC heap after
{Heap after GC invocations=10 (full 0):
 garbage-first heap   total 98304K, used 25295K [0x00000006e9800000, 0x0000000800000000)
  region size 4096K, 2 young (8192K), 2 survivors (8192K)
 Metaspace       used 46572K, committed 46784K, reserved 1089536K
  class space    used 5710K, committed 5824K, reserved 1048576K
}
Event: 2,556 GC heap before
{Heap before GC invocations=10 (full 0):
 garbage-first heap   total 98304K, used 62159K [0x00000006e9800000, 0x0000000800000000)
  region size 4096K, 11 young (45056K), 2 survivors (8192K)
 Metaspace       used 48794K, committed 48960K, reserved 1097728K
  class space    used 5940K, committed 6016K, reserved 1048576K
}
Event: 2,565 GC heap after
{Heap after GC invocations=11 (full 0):
 garbage-first heap   total 98304K, used 30091K [0x00000006e9800000, 0x0000000800000000)
  region size 4096K, 1 young (4096K), 1 survivors (4096K)
 Metaspace       used 48794K, committed 48960K, reserved 1097728K
  class space    used 5940K, committed 6016K, reserved 1048576K
}
Event: 3,084 GC heap before
{Heap before GC invocations=11 (full 0):
 garbage-first heap   total 98304K, used 62859K [0x00000006e9800000, 0x0000000800000000)
  region size 4096K, 9 young (36864K), 1 survivors (4096K)
 Metaspace       used 52180K, committed 52416K, reserved 1097728K
  class space    used 6274K, committed 6400K, reserved 1048576K
}
Event: 3,096 GC heap after
{Heap after GC invocations=12 (full 0):
 garbage-first heap   total 122880K, used 35234K [0x00000006e9800000, 0x0000000800000000)
  region size 4096K, 2 young (8192K), 2 survivors (8192K)
 Metaspace       used 52180K, committed 52416K, reserved 1097728K
  class space    used 6274K, committed 6400K, reserved 1048576K
}
Event: 3,845 GC heap before
{Heap before GC invocations=12 (full 0):
 garbage-first heap   total 122880K, used 84386K [0x00000006e9800000, 0x0000000800000000)
  region size 4096K, 14 young (57344K), 2 survivors (8192K)
 Metaspace       used 53710K, committed 53952K, reserved 1097728K
  class space    used 6346K, committed 6464K, reserved 1048576K
}
Event: 3,868 GC heap after
{Heap after GC invocations=13 (full 0):
 garbage-first heap   total 122880K, used 43928K [0x00000006e9800000, 0x0000000800000000)
  region size 4096K, 2 young (8192K), 2 survivors (8192K)
 Metaspace       used 53710K, committed 53952K, reserved 1097728K
  class space    used 6346K, committed 6464K, reserved 1048576K
}
Event: 4,041 GC heap before
{Heap before GC invocations=13 (full 0):
 garbage-first heap   total 122880K, used 84888K [0x00000006e9800000, 0x0000000800000000)
  region size 4096K, 12 young (49152K), 2 survivors (8192K)
 Metaspace       used 53982K, committed 54272K, reserved 1097728K
  class space    used 6374K, committed 6528K, reserved 1048576K
}

