# JRE version: OpenJDK Runtime Environment (17.0.6) (build 17.0.6+0-17.0.6b829.9-10027231)
# Java VM: OpenJDK 64-Bit Server VM (17.0.6+0-17.0.6b829.9-10027231, mixed mode, tiered, compressed oops, compressed class ptrs, g1 gc, linux-amd64)
GC Precious Log:
 CPUs: 12 total, 12 available
 Memory: 17820M
 Large Page Support: Disabled
 NUMA Support: Disabled
 Compressed Oops: Enabled (32-bit)
 Heap Region Size: 1M
 Heap Min Capacity: 8M
 Heap Initial Capacity: 280M
 Heap Max Capacity: 2G
 Pre-touch: Disabled
 Parallel Workers: 10
 Concurrent Workers: 3
 Concurrent Refinement Workers: 10
 Periodic GC: Disabled
Heap:
 garbage-first heap   total 138240K, used 70895K [0x0000000080000000, 0x0000000100000000)
  region size 1024K, 7 young (7168K), 4 survivors (4096K)
 Metaspace       used 48583K, committed 49024K, reserved 1097728K
  class space    used 6394K, committed 6592K, reserved 1048576K
GC Heap History (20 events):
Event: 1,517 GC heap before
{Heap before GC invocations=4 (full 0):
 garbage-first heap   total 65536K, used 48695K [0x0000000080000000, 0x0000000100000000)
  region size 1024K, 38 young (38912K), 7 survivors (7168K)
 Metaspace       used 26095K, committed 26368K, reserved 1073152K
  class space    used 3468K, committed 3584K, reserved 1048576K
}
Event: 1,522 GC heap after
{Heap after GC invocations=5 (full 0):
 garbage-first heap   total 65536K, used 20459K [0x0000000080000000, 0x0000000100000000)
  region size 1024K, 3 young (3072K), 3 survivors (3072K)
 Metaspace       used 26095K, committed 26368K, reserved 1073152K
  class space    used 3468K, committed 3584K, reserved 1048576K
}
Event: 1,795 GC heap before
{Heap before GC invocations=5 (full 0):
 garbage-first heap   total 65536K, used 48107K [0x0000000080000000, 0x0000000100000000)
  region size 1024K, 24 young (24576K), 3 survivors (3072K)
 Metaspace       used 29040K, committed 29376K, reserved 1081344K
  class space    used 3977K, committed 4096K, reserved 1048576K
}
Event: 1,800 GC heap after
{Heap after GC invocations=6 (full 0):
 garbage-first heap   total 65536K, used 32862K [0x0000000080000000, 0x0000000100000000)
  region size 1024K, 4 young (4096K), 4 survivors (4096K)
 Metaspace       used 29040K, committed 29376K, reserved 1081344K
  class space    used 3977K, committed 4096K, reserved 1048576K
}
Event: 1,967 GC heap before
{Heap before GC invocations=7 (full 0):
 garbage-first heap   total 81920K, used 60510K [0x0000000080000000, 0x0000000100000000)
  region size 1024K, 18 young (18432K), 4 survivors (4096K)
 Metaspace       used 30775K, committed 31104K, reserved 1081344K
  class space    used 4251K, committed 4416K, reserved 1048576K
}
Event: 1,970 GC heap after
{Heap after GC invocations=8 (full 0):
 garbage-first heap   total 81920K, used 49339K [0x0000000080000000, 0x0000000100000000)
  region size 1024K, 3 young (3072K), 3 survivors (3072K)
 Metaspace       used 30775K, committed 31104K, reserved 1081344K
  class space    used 4251K, committed 4416K, reserved 1048576K
}
Event: 2,149 GC heap before
{Heap before GC invocations=8 (full 0):
 garbage-first heap   total 81920K, used 63675K [0x0000000080000000, 0x0000000100000000)
  region size 1024K, 17 young (17408K), 3 survivors (3072K)
 Metaspace       used 32770K, committed 33088K, reserved 1081344K
  class space    used 4580K, committed 4736K, reserved 1048576K
}
Event: 2,152 GC heap after
{Heap after GC invocations=9 (full 0):
 garbage-first heap   total 98304K, used 49733K [0x0000000080000000, 0x0000000100000000)
  region size 1024K, 1 young (1024K), 1 survivors (1024K)
 Metaspace       used 32770K, committed 33088K, reserved 1081344K
  class space    used 4580K, committed 4736K, reserved 1048576K
}
Event: 2,480 GC heap before
{Heap before GC invocations=10 (full 0):
 garbage-first heap   total 98304K, used 74309K [0x0000000080000000, 0x0000000100000000)
  region size 1024K, 26 young (26624K), 1 survivors (1024K)
 Metaspace       used 39273K, committed 39616K, reserved 1089536K
  class space    used 5355K, committed 5504K, reserved 1048576K
}
Event: 2,483 GC heap after
{Heap after GC invocations=11 (full 0):
 garbage-first heap   total 98304K, used 52164K [0x0000000080000000, 0x0000000100000000)
  region size 1024K, 4 young (4096K), 4 survivors (4096K)
 Metaspace       used 39273K, committed 39616K, reserved 1089536K
  class space    used 5355K, committed 5504K, reserved 1048576K
}
Event: 2,647 GC heap before
{Heap before GC invocations=11 (full 0):
 garbage-first heap   total 98304K, used 74692K [0x0000000080000000, 0x0000000100000000)
  region size 1024K, 27 young (27648K), 4 survivors (4096K)
 Metaspace       used 41403K, committed 41792K, reserved 1089536K
  class space    used 5583K, committed 5760K, reserved 1048576K
}
Event: 2,652 GC heap after
{Heap after GC invocations=12 (full 0):
 garbage-first heap   total 98304K, used 55665K [0x0000000080000000, 0x0000000100000000)
  region size 1024K, 4 young (4096K), 4 survivors (4096K)
 Metaspace       used 41403K, committed 41792K, reserved 1089536K
  class space    used 5583K, committed 5760K, reserved 1048576K
}
Event: 2,741 GC heap before
{Heap before GC invocations=13 (full 0):
 garbage-first heap   total 98304K, used 63857K [0x0000000080000000, 0x0000000100000000)
  region size 1024K, 14 young (14336K), 4 survivors (4096K)
 Metaspace       used 41847K, committed 42240K, reserved 1089536K
  class space    used 5629K, committed 5824K, reserved 1048576K
}
Event: 2,745 GC heap after
{Heap after GC invocations=14 (full 0):
 garbage-first heap   total 98304K, used 56037K [0x0000000080000000, 0x0000000100000000)
  region size 1024K, 2 young (2048K), 2 survivors (2048K)
 Metaspace       used 41847K, committed 42240K, reserved 1089536K
  class space    used 5629K, committed 5824K, reserved 1048576K
}
Event: 3,057 GC heap before
{Heap before GC invocations=15 (full 0):
 garbage-first heap   total 101376K, used 81637K [0x0000000080000000, 0x0000000100000000)
  region size 1024K, 24 young (24576K), 2 survivors (2048K)
 Metaspace       used 45619K, committed 46016K, reserved 1089536K
  class space    used 6089K, committed 6272K, reserved 1048576K
}
Event: 3,060 GC heap after
{Heap after GC invocations=16 (full 0):
 garbage-first heap   total 101376K, used 57194K [0x0000000080000000, 0x0000000100000000)
  region size 1024K, 2 young (2048K), 2 survivors (2048K)
 Metaspace       used 45619K, committed 46016K, reserved 1089536K
  class space    used 6089K, committed 6272K, reserved 1048576K
}
Event: 3,166 GC heap before
{Heap before GC invocations=16 (full 0):
 garbage-first heap   total 101376K, used 65386K [0x0000000080000000, 0x0000000100000000)
  region size 1024K, 12 young (12288K), 2 survivors (2048K)
 Metaspace       used 46334K, committed 46720K, reserved 1089536K
  class space    used 6206K, committed 6400K, reserved 1048576K
}
Event: 3,169 GC heap after
{Heap after GC invocations=17 (full 0):
 garbage-first heap   total 101376K, used 58845K [0x0000000080000000, 0x0000000100000000)
  region size 1024K, 4 young (4096K), 4 survivors (4096K)
 Metaspace       used 46334K, committed 46720K, reserved 1089536K
  class space    used 6206K, committed 6400K, reserved 1048576K
}
Event: 3,344 GC heap before
{Heap before GC invocations=18 (full 0):
 garbage-first heap   total 114688K, used 82397K [0x0000000080000000, 0x0000000100000000)
  region size 1024K, 22 young (22528K), 4 survivors (4096K)
 Metaspace       used 47682K, committed 48128K, reserved 1097728K
  class space    used 6372K, committed 6592K, reserved 1048576K
}
Event: 3,349 GC heap after
{Heap after GC invocations=19 (full 0):
 garbage-first heap   total 138240K, used 67823K [0x0000000080000000, 0x0000000100000000)
  region size 1024K, 4 young (4096K), 4 survivors (4096K)
 Metaspace       used 47682K, committed 48128K, reserved 1097728K
  class space    used 6372K, committed 6592K, reserved 1048576K
}

