# JRE version: OpenJDK Runtime Environment (17.0.6) (build 17.0.6+0-17.0.6b829.9-10027231)
# Java VM: OpenJDK 64-Bit Server VM (17.0.6+0-17.0.6b829.9-10027231, mixed mode, tiered, compressed oops, compressed class ptrs, g1 gc, linux-amd64)
GC Precious Log:
 CPUs: 12 total, 12 available
 Memory: 17820M
 Large Page Support: Disabled
 NUMA Support: Disabled
 Compressed Oops: Enabled (32-bit)
 Heap Region Size: 1M
 Heap Min Capacity: 8M
 Heap Initial Capacity: 280M
 Heap Max Capacity: 2G
 Pre-touch: Disabled
 Parallel Workers: 10
 Concurrent Workers: 3
 Concurrent Refinement Workers: 10
 Periodic GC: Disabled
Heap:
 garbage-first heap   total 178176K, used 55308K [0x0000000080000000, 0x0000000100000000)
  region size 1024K, 31 young (31744K), 9 survivors (9216K)
 Metaspace       used 52932K, committed 53376K, reserved 1097728K
  class space    used 7131K, committed 7296K, reserved 1048576K
GC Heap History (18 events):
Event: 0,400 GC heap before
{Heap before GC invocations=0 (full 0):
 garbage-first heap   total 286720K, used 26624K [0x0000000080000000, 0x0000000100000000)
  region size 1024K, 23 young (23552K), 0 survivors (0K)
 Metaspace       used 10217K, committed 10304K, reserved 1064960K
  class space    used 1064K, committed 1088K, reserved 1048576K
}
Event: 0,405 GC heap after
{Heap after GC invocations=1 (full 0):
 garbage-first heap   total 286720K, used 10113K [0x0000000080000000, 0x0000000100000000)
  region size 1024K, 3 young (3072K), 3 survivors (3072K)
 Metaspace       used 10217K, committed 10304K, reserved 1064960K
  class space    used 1064K, committed 1088K, reserved 1048576K
}
Event: 0,598 GC heap before
{Heap before GC invocations=1 (full 0):
 garbage-first heap   total 286720K, used 40833K [0x0000000080000000, 0x0000000100000000)
  region size 1024K, 32 young (32768K), 3 survivors (3072K)
 Metaspace       used 11894K, committed 12096K, reserved 1064960K
  class space    used 1325K, committed 1408K, reserved 1048576K
}
Event: 0,602 GC heap after
{Heap after GC invocations=2 (full 0):
 garbage-first heap   total 286720K, used 15633K [0x0000000080000000, 0x0000000100000000)
  region size 1024K, 4 young (4096K), 4 survivors (4096K)
 Metaspace       used 11894K, committed 12096K, reserved 1064960K
  class space    used 1325K, committed 1408K, reserved 1048576K
}
Event: 1,064 GC heap before
{Heap before GC invocations=2 (full 0):
 garbage-first heap   total 286720K, used 45329K [0x0000000080000000, 0x0000000100000000)
  region size 1024K, 34 young (34816K), 4 survivors (4096K)
 Metaspace       used 21299K, committed 21504K, reserved 1073152K
  class space    used 2648K, committed 2752K, reserved 1048576K
}
Event: 1,069 GC heap after
{Heap after GC invocations=3 (full 0):
 garbage-first heap   total 286720K, used 17975K [0x0000000080000000, 0x0000000100000000)
  region size 1024K, 7 young (7168K), 7 survivors (7168K)
 Metaspace       used 21299K, committed 21504K, reserved 1073152K
  class space    used 2648K, committed 2752K, reserved 1048576K
}
Event: 1,520 GC heap before
{Heap before GC invocations=4 (full 0):
 garbage-first heap   total 68608K, used 49719K [0x0000000080000000, 0x0000000100000000)
  region size 1024K, 40 young (40960K), 7 survivors (7168K)
 Metaspace       used 26756K, committed 27072K, reserved 1073152K
  class space    used 3580K, committed 3712K, reserved 1048576K
}
Event: 1,525 GC heap after
{Heap after GC invocations=5 (full 0):
 garbage-first heap   total 68608K, used 20552K [0x0000000080000000, 0x0000000100000000)
  region size 1024K, 3 young (3072K), 3 survivors (3072K)
 Metaspace       used 26756K, committed 27072K, reserved 1073152K
  class space    used 3580K, committed 3712K, reserved 1048576K
}
Event: 1,835 GC heap before
{Heap before GC invocations=5 (full 0):
 garbage-first heap   total 68608K, used 46152K [0x0000000080000000, 0x0000000100000000)
  region size 1024K, 29 young (29696K), 3 survivors (3072K)
 Metaspace       used 30801K, committed 31040K, reserved 1081344K
  class space    used 4245K, committed 4352K, reserved 1048576K
}
Event: 1,838 GC heap after
{Heap after GC invocations=6 (full 0):
 garbage-first heap   total 68608K, used 21971K [0x0000000080000000, 0x0000000100000000)
  region size 1024K, 2 young (2048K), 2 survivors (2048K)
 Metaspace       used 30801K, committed 31040K, reserved 1081344K
  class space    used 4245K, committed 4352K, reserved 1048576K
}
Event: 2,131 GC heap before
{Heap before GC invocations=6 (full 0):
 garbage-first heap   total 68608K, used 45523K [0x0000000080000000, 0x0000000100000000)
  region size 1024K, 27 young (27648K), 2 survivors (2048K)
 Metaspace       used 35793K, committed 36096K, reserved 1081344K
  class space    used 4924K, committed 5056K, reserved 1048576K
}
Event: 2,135 GC heap after
{Heap after GC invocations=7 (full 0):
 garbage-first heap   total 68608K, used 23916K [0x0000000080000000, 0x0000000100000000)
  region size 1024K, 4 young (4096K), 4 survivors (4096K)
 Metaspace       used 35793K, committed 36096K, reserved 1081344K
  class space    used 4924K, committed 5056K, reserved 1048576K
}
Event: 2,363 GC heap before
{Heap before GC invocations=8 (full 0):
 garbage-first heap   total 68608K, used 49516K [0x0000000080000000, 0x0000000100000000)
  region size 1024K, 30 young (30720K), 4 survivors (4096K)
 Metaspace       used 40055K, committed 40320K, reserved 1089536K
  class space    used 5360K, committed 5440K, reserved 1048576K
}
Event: 2,368 GC heap after
{Heap after GC invocations=9 (full 0):
 garbage-first heap   total 68608K, used 27775K [0x0000000080000000, 0x0000000100000000)
  region size 1024K, 4 young (4096K), 4 survivors (4096K)
 Metaspace       used 40055K, committed 40320K, reserved 1089536K
  class space    used 5360K, committed 5440K, reserved 1048576K
}
Event: 2,616 GC heap before
{Heap before GC invocations=9 (full 0):
 garbage-first heap   total 68608K, used 53375K [0x0000000080000000, 0x0000000100000000)
  region size 1024K, 27 young (27648K), 4 survivors (4096K)
 Metaspace       used 42815K, committed 43264K, reserved 1089536K
  class space    used 5677K, committed 5888K, reserved 1048576K
}
Event: 2,621 GC heap after
{Heap after GC invocations=10 (full 0):
 garbage-first heap   total 178176K, used 28631K [0x0000000080000000, 0x0000000100000000)
  region size 1024K, 3 young (3072K), 3 survivors (3072K)
 Metaspace       used 42815K, committed 43264K, reserved 1089536K
  class space    used 5677K, committed 5888K, reserved 1048576K
}
Event: 3,605 GC heap before
{Heap before GC invocations=10 (full 0):
 garbage-first heap   total 178176K, used 127959K [0x0000000080000000, 0x0000000100000000)
  region size 1024K, 100 young (102400K), 3 survivors (3072K)
 Metaspace       used 52789K, committed 53248K, reserved 1097728K
  class space    used 7125K, committed 7296K, reserved 1048576K
}
Event: 3,611 GC heap after
{Heap after GC invocations=11 (full 0):
 garbage-first heap   total 178176K, used 34828K [0x0000000080000000, 0x0000000100000000)
  region size 1024K, 9 young (9216K), 9 survivors (9216K)
 Metaspace       used 52789K, committed 53248K, reserved 1097728K
  class space    used 7125K, committed 7296K, reserved 1048576K
}

