# JRE version: OpenJDK Runtime Environment (17.0.6) (build 17.0.6+0-17.0.6b829.9-10027231)
# Java VM: OpenJDK 64-Bit Server VM (17.0.6+0-17.0.6b829.9-10027231, mixed mode, tiered, compressed oops, compressed class ptrs, g1 gc, linux-amd64)
GC Precious Log:
 CPUs: 12 total, 12 available
 Memory: 17820M
 Large Page Support: Disabled
 NUMA Support: Disabled
 Compressed Oops: Enabled (Zero based)
 Heap Region Size: 4M
 Heap Min Capacity: 8M
 Heap Initial Capacity: 280M
 Heap Max Capacity: 4456M
 Pre-touch: Disabled
 Parallel Workers: 10
 Concurrent Workers: 3
 Concurrent Refinement Workers: 10
 Periodic GC: Disabled
Heap:
 garbage-first heap   total 233472K, used 189300K [0x00000006e9800000, 0x0000000800000000)
  region size 4096K, 20 young (81920K), 1 survivors (4096K)
 Metaspace       used 93947K, committed 94272K, reserved 1138688K
  class space    used 10073K, committed 10240K, reserved 1048576K
GC Heap History (20 events):
Event: 11,775 GC heap after
{Heap after GC invocations=23 (full 0):
 garbage-first heap   total 172032K, used 85768K [0x00000006e9800000, 0x0000000800000000)
  region size 4096K, 2 young (8192K), 2 survivors (8192K)
 Metaspace       used 69993K, committed 70272K, reserved 1114112K
  class space    used 7936K, committed 8064K, reserved 1048576K
}
Event: 12,699 GC heap before
{Heap before GC invocations=24 (full 0):
 garbage-first heap   total 172032K, used 130824K [0x00000006e9800000, 0x0000000800000000)
  region size 4096K, 13 young (53248K), 2 survivors (8192K)
 Metaspace       used 70880K, committed 71168K, reserved 1114112K
  class space    used 7997K, committed 8128K, reserved 1048576K
}
Event: 12,707 GC heap after
{Heap after GC invocations=25 (full 0):
 garbage-first heap   total 172032K, used 87984K [0x00000006e9800000, 0x0000000800000000)
  region size 4096K, 1 young (4096K), 1 survivors (4096K)
 Metaspace       used 70880K, committed 71168K, reserved 1114112K
  class space    used 7997K, committed 8128K, reserved 1048576K
}
Event: 13,324 GC heap before
{Heap before GC invocations=25 (full 0):
 garbage-first heap   total 172032K, used 133040K [0x00000006e9800000, 0x0000000800000000)
  region size 4096K, 12 young (49152K), 1 survivors (4096K)
 Metaspace       used 76833K, committed 77120K, reserved 1122304K
  class space    used 8583K, committed 8704K, reserved 1048576K
}
Event: 13,331 GC heap after
{Heap after GC invocations=26 (full 0):
 garbage-first heap   total 172032K, used 90779K [0x00000006e9800000, 0x0000000800000000)
  region size 4096K, 2 young (8192K), 2 survivors (8192K)
 Metaspace       used 76833K, committed 77120K, reserved 1122304K
  class space    used 8583K, committed 8704K, reserved 1048576K
}
Event: 13,806 GC heap before
{Heap before GC invocations=27 (full 0):
 garbage-first heap   total 172032K, used 131739K [0x00000006e9800000, 0x0000000800000000)
  region size 4096K, 12 young (49152K), 2 survivors (8192K)
 Metaspace       used 77474K, committed 77760K, reserved 1122304K
  class space    used 8628K, committed 8768K, reserved 1048576K
}
Event: 13,817 GC heap after
{Heap after GC invocations=28 (full 0):
 garbage-first heap   total 172032K, used 97471K [0x00000006e9800000, 0x0000000800000000)
  region size 4096K, 2 young (8192K), 2 survivors (8192K)
 Metaspace       used 77474K, committed 77760K, reserved 1122304K
  class space    used 8628K, committed 8768K, reserved 1048576K
}
Event: 14,185 GC heap before
{Heap before GC invocations=28 (full 0):
 garbage-first heap   total 172032K, used 134335K [0x00000006e9800000, 0x0000000800000000)
  region size 4096K, 11 young (45056K), 2 survivors (8192K)
 Metaspace       used 78668K, committed 78976K, reserved 1122304K
  class space    used 8782K, committed 8896K, reserved 1048576K
}
Event: 14,198 GC heap after
{Heap after GC invocations=29 (full 0):
 garbage-first heap   total 172032K, used 104868K [0x00000006e9800000, 0x0000000800000000)
  region size 4096K, 2 young (8192K), 2 survivors (8192K)
 Metaspace       used 78668K, committed 78976K, reserved 1122304K
  class space    used 8782K, committed 8896K, reserved 1048576K
}
Event: 14,629 GC heap before
{Heap before GC invocations=30 (full 0):
 garbage-first heap   total 192512K, used 133540K [0x00000006e9800000, 0x0000000800000000)
  region size 4096K, 9 young (36864K), 2 survivors (8192K)
 Metaspace       used 83227K, committed 83520K, reserved 1130496K
  class space    used 9229K, committed 9344K, reserved 1048576K
}
Event: 14,636 GC heap after
{Heap after GC invocations=31 (full 0):
 garbage-first heap   total 192512K, used 106102K [0x00000006e9800000, 0x0000000800000000)
  region size 4096K, 1 young (4096K), 1 survivors (4096K)
 Metaspace       used 83227K, committed 83520K, reserved 1130496K
  class space    used 9229K, committed 9344K, reserved 1048576K
}
Event: 14,675 GC heap before
{Heap before GC invocations=31 (full 0):
 garbage-first heap   total 192512K, used 110198K [0x00000006e9800000, 0x0000000800000000)
  region size 4096K, 2 young (8192K), 1 survivors (4096K)
 Metaspace       used 84433K, committed 84736K, reserved 1130496K
  class space    used 9355K, committed 9472K, reserved 1048576K
}
Event: 14,685 GC heap after
{Heap after GC invocations=32 (full 0):
 garbage-first heap   total 233472K, used 102013K [0x00000006e9800000, 0x0000000800000000)
  region size 4096K, 1 young (4096K), 1 survivors (4096K)
 Metaspace       used 84433K, committed 84736K, reserved 1130496K
  class space    used 9355K, committed 9472K, reserved 1048576K
}
Event: 15,453 GC heap before
{Heap before GC invocations=32 (full 0):
 garbage-first heap   total 233472K, used 179837K [0x00000006e9800000, 0x0000000800000000)
  region size 4096K, 20 young (81920K), 1 survivors (4096K)
 Metaspace       used 88229K, committed 88576K, reserved 1130496K
  class space    used 9687K, committed 9856K, reserved 1048576K
}
Event: 15,460 GC heap after
{Heap after GC invocations=33 (full 0):
 garbage-first heap   total 233472K, used 107509K [0x00000006e9800000, 0x0000000800000000)
  region size 4096K, 2 young (8192K), 2 survivors (8192K)
 Metaspace       used 88229K, committed 88576K, reserved 1130496K
  class space    used 9687K, committed 9856K, reserved 1048576K
}
Event: 15,768 GC heap before
{Heap before GC invocations=33 (full 0):
 garbage-first heap   total 233472K, used 181237K [0x00000006e9800000, 0x0000000800000000)
  region size 4096K, 20 young (81920K), 2 survivors (8192K)
 Metaspace       used 88642K, committed 88960K, reserved 1130496K
  class space    used 9695K, committed 9856K, reserved 1048576K
}
Event: 15,775 GC heap after
{Heap after GC invocations=34 (full 0):
 garbage-first heap   total 233472K, used 109650K [0x00000006e9800000, 0x0000000800000000)
  region size 4096K, 2 young (8192K), 2 survivors (8192K)
 Metaspace       used 88642K, committed 88960K, reserved 1130496K
  class space    used 9695K, committed 9856K, reserved 1048576K
}
Event: 16,142 GC heap before
{Heap before GC invocations=34 (full 0):
 garbage-first heap   total 233472K, used 187474K [0x00000006e9800000, 0x0000000800000000)
  region size 4096K, 21 young (86016K), 2 survivors (8192K)
 Metaspace       used 89096K, committed 89408K, reserved 1130496K
  class space    used 9714K, committed 9856K, reserved 1048576K
}
Event: 16,151 GC heap after
{Heap after GC invocations=35 (full 0):
 garbage-first heap   total 233472K, used 111476K [0x00000006e9800000, 0x0000000800000000)
  region size 4096K, 1 young (4096K), 1 survivors (4096K)
 Metaspace       used 89096K, committed 89408K, reserved 1130496K
  class space    used 9714K, committed 9856K, reserved 1048576K
}
Event: 17,077 GC heap before
{Heap before GC invocations=35 (full 0):
 garbage-first heap   total 233472K, used 189300K [0x00000006e9800000, 0x0000000800000000)
  region size 4096K, 20 young (81920K), 1 survivors (4096K)
 Metaspace       used 93947K, committed 94272K, reserved 1138688K
  class space    used 10073K, committed 10240K, reserved 1048576K
}

