# JRE version: OpenJDK Runtime Environment (17.0.6) (build 17.0.6+0-17.0.6b829.9-10027231)
# Java VM: OpenJDK 64-Bit Server VM (17.0.6+0-17.0.6b829.9-10027231, mixed mode, tiered, compressed oops, compressed class ptrs, g1 gc, linux-amd64)
GC Precious Log:
 CPUs: 12 total, 12 available
 Memory: 17820M
 Large Page Support: Disabled
 NUMA Support: Disabled
 Compressed Oops: Enabled (32-bit)
 Heap Region Size: 1M
 Heap Min Capacity: 8M
 Heap Initial Capacity: 280M
 Heap Max Capacity: 2G
 Pre-touch: Disabled
 Parallel Workers: 10
 Concurrent Workers: 3
 Concurrent Refinement Workers: 10
 Periodic GC: Disabled
Heap:
 garbage-first heap   total 346112K, used 279256K [0x0000000080000000, 0x0000000100000000)
  region size 1024K, 105 young (107520K), 9 survivors (9216K)
 Metaspace       used 102237K, committed 102976K, reserved 1138688K
  class space    used 13905K, committed 14272K, reserved 1048576K
GC Heap History (20 events):
Event: 5,793 GC heap after
{Heap after GC invocations=13 (full 0):
 garbage-first heap   total 174080K, used 76382K [0x0000000080000000, 0x0000000100000000)
  region size 1024K, 6 young (6144K), 6 survivors (6144K)
 Metaspace       used 59631K, committed 60160K, reserved 1105920K
  class space    used 8027K, committed 8256K, reserved 1048576K
}
Event: 6,793 GC heap before
{Heap before GC invocations=14 (full 0):
 garbage-first heap   total 174080K, used 120414K [0x0000000080000000, 0x0000000100000000)
  region size 1024K, 46 young (47104K), 6 survivors (6144K)
 Metaspace       used 62988K, committed 63616K, reserved 1105920K
  class space    used 8474K, committed 8768K, reserved 1048576K
}
Event: 6,800 GC heap after
{Heap after GC invocations=15 (full 0):
 garbage-first heap   total 174080K, used 88381K [0x0000000080000000, 0x0000000100000000)
  region size 1024K, 8 young (8192K), 8 survivors (8192K)
 Metaspace       used 62988K, committed 63616K, reserved 1105920K
  class space    used 8474K, committed 8768K, reserved 1048576K
}
Event: 7,899 GC heap before
{Heap before GC invocations=16 (full 0):
 garbage-first heap   total 174080K, used 141629K [0x0000000080000000, 0x0000000100000000)
  region size 1024K, 55 young (56320K), 8 survivors (8192K)
 Metaspace       used 69581K, committed 70208K, reserved 1114112K
  class space    used 9268K, committed 9536K, reserved 1048576K
}
Event: 7,905 GC heap after
{Heap after GC invocations=17 (full 0):
 garbage-first heap   total 174080K, used 97427K [0x0000000080000000, 0x0000000100000000)
  region size 1024K, 5 young (5120K), 5 survivors (5120K)
 Metaspace       used 69581K, committed 70208K, reserved 1114112K
  class space    used 9268K, committed 9536K, reserved 1048576K
}
Event: 7,946 GC heap before
{Heap before GC invocations=17 (full 0):
 garbage-first heap   total 174080K, used 100499K [0x0000000080000000, 0x0000000100000000)
  region size 1024K, 8 young (8192K), 5 survivors (5120K)
 Metaspace       used 69950K, committed 70592K, reserved 1114112K
  class space    used 9319K, committed 9600K, reserved 1048576K
}
Event: 7,950 GC heap after
{Heap after GC invocations=18 (full 0):
 garbage-first heap   total 174080K, used 97560K [0x0000000080000000, 0x0000000100000000)
  region size 1024K, 1 young (1024K), 1 survivors (1024K)
 Metaspace       used 69950K, committed 70592K, reserved 1114112K
  class space    used 9319K, committed 9600K, reserved 1048576K
}
Event: 8,199 GC heap before
{Heap before GC invocations=18 (full 0):
 garbage-first heap   total 174080K, used 119064K [0x0000000080000000, 0x0000000100000000)
  region size 1024K, 23 young (23552K), 1 survivors (1024K)
 Metaspace       used 72470K, committed 73216K, reserved 1114112K
  class space    used 9694K, committed 10048K, reserved 1048576K
}
Event: 8,207 GC heap after
{Heap after GC invocations=19 (full 0):
 garbage-first heap   total 346112K, used 99006K [0x0000000080000000, 0x0000000100000000)
  region size 1024K, 2 young (2048K), 2 survivors (2048K)
 Metaspace       used 72470K, committed 73216K, reserved 1114112K
  class space    used 9694K, committed 10048K, reserved 1048576K
}
Event: 9,773 GC heap before
{Heap before GC invocations=19 (full 0):
 garbage-first heap   total 346112K, used 253630K [0x0000000080000000, 0x0000000100000000)
  region size 1024K, 147 young (150528K), 2 survivors (2048K)
 Metaspace       used 86249K, committed 86976K, reserved 1130496K
  class space    used 11546K, committed 11904K, reserved 1048576K
}
Event: 9,783 GC heap after
{Heap after GC invocations=20 (full 0):
 garbage-first heap   total 346112K, used 111552K [0x0000000080000000, 0x0000000100000000)
  region size 1024K, 15 young (15360K), 15 survivors (15360K)
 Metaspace       used 86249K, committed 86976K, reserved 1130496K
  class space    used 11546K, committed 11904K, reserved 1048576K
}
Event: 11,451 GC heap before
{Heap before GC invocations=20 (full 0):
 garbage-first heap   total 346112K, used 282560K [0x0000000080000000, 0x0000000100000000)
  region size 1024K, 159 young (162816K), 15 survivors (15360K)
 Metaspace       used 100974K, committed 101696K, reserved 1138688K
  class space    used 13732K, committed 14080K, reserved 1048576K
}
Event: 11,469 GC heap after
{Heap after GC invocations=21 (full 0):
 garbage-first heap   total 346112K, used 150371K [0x0000000080000000, 0x0000000100000000)
  region size 1024K, 16 young (16384K), 16 survivors (16384K)
 Metaspace       used 100974K, committed 101696K, reserved 1138688K
  class space    used 13732K, committed 14080K, reserved 1048576K
}
Event: 12,147 GC heap before
{Heap before GC invocations=21 (full 0):
 garbage-first heap   total 346112K, used 275299K [0x0000000080000000, 0x0000000100000000)
  region size 1024K, 135 young (138240K), 16 survivors (16384K)
 Metaspace       used 102233K, committed 102976K, reserved 1138688K
  class space    used 13904K, committed 14272K, reserved 1048576K
}
Event: 12,168 GC heap after
{Heap after GC invocations=22 (full 0):
 garbage-first heap   total 346112K, used 172871K [0x0000000080000000, 0x0000000100000000)
  region size 1024K, 17 young (17408K), 17 survivors (17408K)
 Metaspace       used 102233K, committed 102976K, reserved 1138688K
  class space    used 13904K, committed 14272K, reserved 1048576K
}
Event: 12,788 GC heap before
{Heap before GC invocations=22 (full 0):
 garbage-first heap   total 346112K, used 269127K [0x0000000080000000, 0x0000000100000000)
  region size 1024K, 111 young (113664K), 17 survivors (17408K)
 Metaspace       used 102234K, committed 102976K, reserved 1138688K
  class space    used 13904K, committed 14272K, reserved 1048576K
}
Event: 12,799 GC heap after
{Heap after GC invocations=23 (full 0):
 garbage-first heap   total 346112K, used 178832K [0x0000000080000000, 0x0000000100000000)
  region size 1024K, 7 young (7168K), 7 survivors (7168K)
 Metaspace       used 102234K, committed 102976K, reserved 1138688K
  class space    used 13904K, committed 14272K, reserved 1048576K
}
Event: 13,702 GC heap before
{Heap before GC invocations=23 (full 0):
 garbage-first heap   total 346112K, used 275088K [0x0000000080000000, 0x0000000100000000)
  region size 1024K, 101 young (103424K), 7 survivors (7168K)
 Metaspace       used 102237K, committed 102976K, reserved 1138688K
  class space    used 13905K, committed 14272K, reserved 1048576K
}
Event: 13,708 GC heap after
{Heap after GC invocations=24 (full 0):
 garbage-first heap   total 346112K, used 180952K [0x0000000080000000, 0x0000000100000000)
  region size 1024K, 9 young (9216K), 9 survivors (9216K)
 Metaspace       used 102237K, committed 102976K, reserved 1138688K
  class space    used 13905K, committed 14272K, reserved 1048576K
}
Event: 14,114 GC heap before
{Heap before GC invocations=25 (full 0):
 garbage-first heap   total 346112K, used 279256K [0x0000000080000000, 0x0000000100000000)
  region size 1024K, 105 young (107520K), 9 survivors (9216K)
 Metaspace       used 102237K, committed 102976K, reserved 1138688K
  class space    used 13905K, committed 14272K, reserved 1048576K
}

