# JRE version: OpenJDK Runtime Environment (17.0.6) (build 17.0.6+0-17.0.6b829.9-10027231)
# Java VM: OpenJDK 64-Bit Server VM (17.0.6+0-17.0.6b829.9-10027231, mixed mode, tiered, compressed oops, compressed class ptrs, g1 gc, linux-amd64)
GC Precious Log:
 CPUs: 12 total, 12 available
 Memory: 17820M
 Large Page Support: Disabled
 NUMA Support: Disabled
 Compressed Oops: Enabled (32-bit)
 Heap Region Size: 1M
 Heap Min Capacity: 8M
 Heap Initial Capacity: 280M
 Heap Max Capacity: 2G
 Pre-touch: Disabled
 Parallel Workers: 10
 Concurrent Workers: 3
 Concurrent Refinement Workers: 10
 Periodic GC: Disabled
Heap:
 garbage-first heap   total 171008K, used 129564K [0x0000000080000000, 0x0000000100000000)
  region size 1024K, 63 young (64512K), 5 survivors (5120K)
 Metaspace       used 55874K, committed 56448K, reserved 1097728K
  class space    used 7585K, committed 7808K, reserved 1048576K
GC Heap History (20 events):
Event: 0,504 GC heap after
{Heap after GC invocations=1 (full 0):
 garbage-first heap   total 286720K, used 10480K [0x0000000080000000, 0x0000000100000000)
  region size 1024K, 3 young (3072K), 3 survivors (3072K)
 Metaspace       used 10212K, committed 10304K, reserved 1064960K
  class space    used 1064K, committed 1088K, reserved 1048576K
}
Event: 0,743 GC heap before
{Heap before GC invocations=1 (full 0):
 garbage-first heap   total 286720K, used 41200K [0x0000000080000000, 0x0000000100000000)
  region size 1024K, 32 young (32768K), 3 survivors (3072K)
 Metaspace       used 12160K, committed 12288K, reserved 1064960K
  class space    used 1354K, committed 1408K, reserved 1048576K
}
Event: 0,748 GC heap after
{Heap after GC invocations=2 (full 0):
 garbage-first heap   total 286720K, used 14910K [0x0000000080000000, 0x0000000100000000)
  region size 1024K, 4 young (4096K), 4 survivors (4096K)
 Metaspace       used 12160K, committed 12288K, reserved 1064960K
  class space    used 1354K, committed 1408K, reserved 1048576K
}
Event: 1,212 GC heap before
{Heap before GC invocations=2 (full 0):
 garbage-first heap   total 286720K, used 40510K [0x0000000080000000, 0x0000000100000000)
  region size 1024K, 30 young (30720K), 4 survivors (4096K)
 Metaspace       used 21258K, committed 21504K, reserved 1073152K
  class space    used 2610K, committed 2752K, reserved 1048576K
}
Event: 1,217 GC heap after
{Heap after GC invocations=3 (full 0):
 garbage-first heap   total 286720K, used 17672K [0x0000000080000000, 0x0000000100000000)
  region size 1024K, 7 young (7168K), 7 survivors (7168K)
 Metaspace       used 21258K, committed 21504K, reserved 1073152K
  class space    used 2610K, committed 2752K, reserved 1048576K
}
Event: 1,631 GC heap before
{Heap before GC invocations=4 (full 0):
 garbage-first heap   total 65536K, used 48392K [0x0000000080000000, 0x0000000100000000)
  region size 1024K, 38 young (38912K), 7 survivors (7168K)
 Metaspace       used 26084K, committed 26368K, reserved 1073152K
  class space    used 3467K, committed 3584K, reserved 1048576K
}
Event: 1,637 GC heap after
{Heap after GC invocations=5 (full 0):
 garbage-first heap   total 65536K, used 19935K [0x0000000080000000, 0x0000000100000000)
  region size 1024K, 3 young (3072K), 3 survivors (3072K)
 Metaspace       used 26084K, committed 26368K, reserved 1073152K
  class space    used 3467K, committed 3584K, reserved 1048576K
}
Event: 1,652 GC heap before
{Heap before GC invocations=5 (full 0):
 garbage-first heap   total 65536K, used 20959K [0x0000000080000000, 0x0000000100000000)
  region size 1024K, 4 young (4096K), 3 survivors (3072K)
 Metaspace       used 26292K, committed 26560K, reserved 1073152K
  class space    used 3504K, committed 3648K, reserved 1048576K
}
Event: 1,654 GC heap after
{Heap after GC invocations=6 (full 0):
 garbage-first heap   total 65536K, used 20136K [0x0000000080000000, 0x0000000100000000)
  region size 1024K, 1 young (1024K), 1 survivors (1024K)
 Metaspace       used 26292K, committed 26560K, reserved 1073152K
  class space    used 3504K, committed 3648K, reserved 1048576K
}
Event: 1,979 GC heap before
{Heap before GC invocations=6 (full 0):
 garbage-first heap   total 65536K, used 46760K [0x0000000080000000, 0x0000000100000000)
  region size 1024K, 21 young (21504K), 1 survivors (1024K)
 Metaspace       used 29063K, committed 29376K, reserved 1081344K
  class space    used 3983K, committed 4096K, reserved 1048576K
}
Event: 1,982 GC heap after
{Heap after GC invocations=7 (full 0):
 garbage-first heap   total 65536K, used 31667K [0x0000000080000000, 0x0000000100000000)
  region size 1024K, 4 young (4096K), 4 survivors (4096K)
 Metaspace       used 29063K, committed 29376K, reserved 1081344K
  class space    used 3983K, committed 4096K, reserved 1048576K
}
Event: 1,997 GC heap before
{Heap before GC invocations=7 (full 0):
 garbage-first heap   total 65536K, used 43955K [0x0000000080000000, 0x0000000100000000)
  region size 1024K, 5 young (5120K), 4 survivors (4096K)
 Metaspace       used 29064K, committed 29376K, reserved 1081344K
  class space    used 3983K, committed 4096K, reserved 1048576K
}
Event: 2,001 GC heap after
{Heap after GC invocations=8 (full 0):
 garbage-first heap   total 176128K, used 44004K [0x0000000080000000, 0x0000000100000000)
  region size 1024K, 1 young (1024K), 1 survivors (1024K)
 Metaspace       used 29064K, committed 29376K, reserved 1081344K
  class space    used 3983K, committed 4096K, reserved 1048576K
}
Event: 2,631 GC heap before
{Heap before GC invocations=8 (full 0):
 garbage-first heap   total 176128K, used 91108K [0x0000000080000000, 0x0000000100000000)
  region size 1024K, 46 young (47104K), 1 survivors (1024K)
 Metaspace       used 35584K, committed 35968K, reserved 1081344K
  class space    used 5002K, committed 5184K, reserved 1048576K
}
Event: 2,635 GC heap after
{Heap after GC invocations=9 (full 0):
 garbage-first heap   total 176128K, used 49438K [0x0000000080000000, 0x0000000100000000)
  region size 1024K, 4 young (4096K), 4 survivors (4096K)
 Metaspace       used 35584K, committed 35968K, reserved 1081344K
  class space    used 5002K, committed 5184K, reserved 1048576K
}
Event: 3,332 GC heap before
{Heap before GC invocations=10 (full 0):
 garbage-first heap   total 171008K, used 117022K [0x0000000080000000, 0x0000000100000000)
  region size 1024K, 68 young (69632K), 4 survivors (4096K)
 Metaspace       used 45346K, committed 45760K, reserved 1089536K
  class space    used 6062K, committed 6272K, reserved 1048576K
}
Event: 3,339 GC heap after
{Heap after GC invocations=11 (full 0):
 garbage-first heap   total 171008K, used 56116K [0x0000000080000000, 0x0000000100000000)
  region size 1024K, 9 young (9216K), 9 survivors (9216K)
 Metaspace       used 45346K, committed 45760K, reserved 1089536K
  class space    used 6062K, committed 6272K, reserved 1048576K
}
Event: 4,074 GC heap before
{Heap before GC invocations=11 (full 0):
 garbage-first heap   total 171008K, used 128820K [0x0000000080000000, 0x0000000100000000)
  region size 1024K, 74 young (75776K), 9 survivors (9216K)
 Metaspace       used 52027K, committed 52544K, reserved 1097728K
  class space    used 7027K, committed 7232K, reserved 1048576K
}
Event: 4,082 GC heap after
{Heap after GC invocations=12 (full 0):
 garbage-first heap   total 171008K, used 70172K [0x0000000080000000, 0x0000000100000000)
  region size 1024K, 8 young (8192K), 8 survivors (8192K)
 Metaspace       used 52027K, committed 52544K, reserved 1097728K
  class space    used 7027K, committed 7232K, reserved 1048576K
}
Event: 4,658 GC heap before
{Heap before GC invocations=12 (full 0):
 garbage-first heap   total 171008K, used 129564K [0x0000000080000000, 0x0000000100000000)
  region size 1024K, 66 young (67584K), 8 survivors (8192K)
 Metaspace       used 55874K, committed 56448K, reserved 1097728K
  class space    used 7585K, committed 7808K, reserved 1048576K
}

