# JRE version: OpenJDK Runtime Environment (17.0.6) (build 17.0.6+0-17.0.6b829.9-10027231)
# Java VM: OpenJDK 64-Bit Server VM (17.0.6+0-17.0.6b829.9-10027231, mixed mode, tiered, compressed oops, compressed class ptrs, g1 gc, linux-amd64)
GC Precious Log:
 CPUs: 12 total, 12 available
 Memory: 17820M
 Large Page Support: Disabled
 NUMA Support: Disabled
 Compressed Oops: Enabled (32-bit)
 Heap Region Size: 1M
 Heap Min Capacity: 8M
 Heap Initial Capacity: 280M
 Heap Max Capacity: 2G
 Pre-touch: Disabled
 Parallel Workers: 10
 Concurrent Workers: 3
 Concurrent Refinement Workers: 10
 Periodic GC: Disabled
Heap:
 garbage-first heap   total 171008K, used 100314K [0x0000000080000000, 0x0000000100000000)
  region size 1024K, 47 young (48128K), 9 survivors (9216K)
 Metaspace       used 48893K, committed 49408K, reserved 1097728K
  class space    used 6459K, committed 6720K, reserved 1048576K
GC Heap History (16 events):
Event: 0,459 GC heap before
{Heap before GC invocations=0 (full 0):
 garbage-first heap   total 286720K, used 26624K [0x0000000080000000, 0x0000000100000000)
  region size 1024K, 23 young (23552K), 0 survivors (0K)
 Metaspace       used 10213K, committed 10304K, reserved 1064960K
  class space    used 1064K, committed 1088K, reserved 1048576K
}
Event: 0,463 GC heap after
{Heap after GC invocations=1 (full 0):
 garbage-first heap   total 286720K, used 10037K [0x0000000080000000, 0x0000000100000000)
  region size 1024K, 3 young (3072K), 3 survivors (3072K)
 Metaspace       used 10213K, committed 10304K, reserved 1064960K
  class space    used 1064K, committed 1088K, reserved 1048576K
}
Event: 0,670 GC heap before
{Heap before GC invocations=1 (full 0):
 garbage-first heap   total 286720K, used 40757K [0x0000000080000000, 0x0000000100000000)
  region size 1024K, 32 young (32768K), 3 survivors (3072K)
 Metaspace       used 12144K, committed 12288K, reserved 1064960K
  class space    used 1354K, committed 1408K, reserved 1048576K
}
Event: 0,674 GC heap after
{Heap after GC invocations=2 (full 0):
 garbage-first heap   total 286720K, used 15029K [0x0000000080000000, 0x0000000100000000)
  region size 1024K, 4 young (4096K), 4 survivors (4096K)
 Metaspace       used 12144K, committed 12288K, reserved 1064960K
  class space    used 1354K, committed 1408K, reserved 1048576K
}
Event: 1,115 GC heap before
{Heap before GC invocations=2 (full 0):
 garbage-first heap   total 286720K, used 41653K [0x0000000080000000, 0x0000000100000000)
  region size 1024K, 31 young (31744K), 4 survivors (4096K)
 Metaspace       used 21238K, committed 21504K, reserved 1073152K
  class space    used 2615K, committed 2752K, reserved 1048576K
}
Event: 1,120 GC heap after
{Heap after GC invocations=3 (full 0):
 garbage-first heap   total 286720K, used 18085K [0x0000000080000000, 0x0000000100000000)
  region size 1024K, 7 young (7168K), 7 survivors (7168K)
 Metaspace       used 21238K, committed 21504K, reserved 1073152K
  class space    used 2615K, committed 2752K, reserved 1048576K
}
Event: 1,527 GC heap before
{Heap before GC invocations=4 (full 0):
 garbage-first heap   total 65536K, used 48805K [0x0000000080000000, 0x0000000100000000)
  region size 1024K, 38 young (38912K), 7 survivors (7168K)
 Metaspace       used 26060K, committed 26368K, reserved 1073152K
  class space    used 3468K, committed 3584K, reserved 1048576K
}
Event: 1,532 GC heap after
{Heap after GC invocations=5 (full 0):
 garbage-first heap   total 65536K, used 20188K [0x0000000080000000, 0x0000000100000000)
  region size 1024K, 3 young (3072K), 3 survivors (3072K)
 Metaspace       used 26060K, committed 26368K, reserved 1073152K
  class space    used 3468K, committed 3584K, reserved 1048576K
}
Event: 1,546 GC heap before
{Heap before GC invocations=5 (full 0):
 garbage-first heap   total 65536K, used 21212K [0x0000000080000000, 0x0000000100000000)
  region size 1024K, 4 young (4096K), 3 survivors (3072K)
 Metaspace       used 26267K, committed 26624K, reserved 1073152K
  class space    used 3503K, committed 3648K, reserved 1048576K
}
Event: 1,549 GC heap after
{Heap after GC invocations=6 (full 0):
 garbage-first heap   total 65536K, used 20374K [0x0000000080000000, 0x0000000100000000)
  region size 1024K, 1 young (1024K), 1 survivors (1024K)
 Metaspace       used 26267K, committed 26624K, reserved 1073152K
  class space    used 3503K, committed 3648K, reserved 1048576K
}
Event: 1,821 GC heap before
{Heap before GC invocations=6 (full 0):
 garbage-first heap   total 65536K, used 46998K [0x0000000080000000, 0x0000000100000000)
  region size 1024K, 21 young (21504K), 1 survivors (1024K)
 Metaspace       used 28989K, committed 29312K, reserved 1081344K
  class space    used 3973K, committed 4096K, reserved 1048576K
}
Event: 1,826 GC heap after
{Heap after GC invocations=7 (full 0):
 garbage-first heap   total 176128K, used 32095K [0x0000000080000000, 0x0000000100000000)
  region size 1024K, 4 young (4096K), 4 survivors (4096K)
 Metaspace       used 28989K, committed 29312K, reserved 1081344K
  class space    used 3973K, committed 4096K, reserved 1048576K
}
Event: 2,382 GC heap before
{Heap before GC invocations=7 (full 0):
 garbage-first heap   total 176128K, used 90463K [0x0000000080000000, 0x0000000100000000)
  region size 1024K, 49 young (50176K), 4 survivors (4096K)
 Metaspace       used 35613K, committed 35968K, reserved 1081344K
  class space    used 5000K, committed 5184K, reserved 1048576K
}
Event: 2,387 GC heap after
{Heap after GC invocations=8 (full 0):
 garbage-first heap   total 176128K, used 49543K [0x0000000080000000, 0x0000000100000000)
  region size 1024K, 7 young (7168K), 7 survivors (7168K)
 Metaspace       used 35613K, committed 35968K, reserved 1081344K
  class space    used 5000K, committed 5184K, reserved 1048576K
}
Event: 3,063 GC heap before
{Heap before GC invocations=9 (full 0):
 garbage-first heap   total 171008K, used 115079K [0x0000000080000000, 0x0000000100000000)
  region size 1024K, 69 young (70656K), 7 survivors (7168K)
 Metaspace       used 45083K, committed 45504K, reserved 1089536K
  class space    used 6010K, committed 6208K, reserved 1048576K
}
Event: 3,071 GC heap after
{Heap after GC invocations=10 (full 0):
 garbage-first heap   total 171008K, used 56282K [0x0000000080000000, 0x0000000100000000)
  region size 1024K, 9 young (9216K), 9 survivors (9216K)
 Metaspace       used 45083K, committed 45504K, reserved 1089536K
  class space    used 6010K, committed 6208K, reserved 1048576K
}

