# JRE version: OpenJDK Runtime Environment (17.0.6) (build 17.0.6+0-17.0.6b829.9-10027231)
# Java VM: OpenJDK 64-Bit Server VM (17.0.6+0-17.0.6b829.9-10027231, mixed mode, tiered, compressed oops, compressed class ptrs, g1 gc, linux-amd64)
GC Precious Log:
 CPUs: 12 total, 12 available
 Memory: 17820M
 Large Page Support: Disabled
 NUMA Support: Disabled
 Compressed Oops: Enabled (32-bit)
 Heap Region Size: 1M
 Heap Min Capacity: 8M
 Heap Initial Capacity: 280M
 Heap Max Capacity: 2G
 Pre-touch: Disabled
 Parallel Workers: 10
 Concurrent Workers: 3
 Concurrent Refinement Workers: 10
 Periodic GC: Disabled
Heap:
 garbage-first heap   total 291840K, used 226913K [0x0000000080000000, 0x0000000100000000)
  region size 1024K, 107 young (109568K), 14 survivors (14336K)
 Metaspace       used 92389K, committed 93120K, reserved 1130496K
  class space    used 12583K, committed 12928K, reserved 1048576K
GC Heap History (20 events):
Event: 3,668 GC heap after
{Heap after GC invocations=18 (full 0):
 garbage-first heap   total 148480K, used 67395K [0x0000000080000000, 0x0000000100000000)
  region size 1024K, 7 young (7168K), 7 survivors (7168K)
 Metaspace       used 50216K, committed 50816K, reserved 1097728K
  class space    used 6706K, committed 6976K, reserved 1048576K
}
Event: 4,120 GC heap before
{Heap before GC invocations=18 (full 0):
 garbage-first heap   total 148480K, used 110403K [0x0000000080000000, 0x0000000100000000)
  region size 1024K, 49 young (50176K), 7 survivors (7168K)
 Metaspace       used 55058K, committed 55680K, reserved 1097728K
  class space    used 7495K, committed 7744K, reserved 1048576K
}
Event: 4,126 GC heap after
{Heap after GC invocations=19 (full 0):
 garbage-first heap   total 148480K, used 71343K [0x0000000080000000, 0x0000000100000000)
  region size 1024K, 4 young (4096K), 4 survivors (4096K)
 Metaspace       used 55058K, committed 55680K, reserved 1097728K
  class space    used 7495K, committed 7744K, reserved 1048576K
}
Event: 4,378 GC heap before
{Heap before GC invocations=19 (full 0):
 garbage-first heap   total 148480K, used 104111K [0x0000000080000000, 0x0000000100000000)
  region size 1024K, 38 young (38912K), 4 survivors (4096K)
 Metaspace       used 55876K, committed 56448K, reserved 1097728K
  class space    used 7566K, committed 7808K, reserved 1048576K
}
Event: 4,382 GC heap after
{Heap after GC invocations=20 (full 0):
 garbage-first heap   total 148480K, used 74728K [0x0000000080000000, 0x0000000100000000)
  region size 1024K, 4 young (4096K), 4 survivors (4096K)
 Metaspace       used 55876K, committed 56448K, reserved 1097728K
  class space    used 7566K, committed 7808K, reserved 1048576K
}
Event: 4,408 GC heap before
{Heap before GC invocations=21 (full 0):
 garbage-first heap   total 148480K, used 89064K [0x0000000080000000, 0x0000000100000000)
  region size 1024K, 10 young (10240K), 4 survivors (4096K)
 Metaspace       used 55903K, committed 56512K, reserved 1097728K
  class space    used 7567K, committed 7808K, reserved 1048576K
}
Event: 4,411 GC heap after
{Heap after GC invocations=22 (full 0):
 garbage-first heap   total 148480K, used 89025K [0x0000000080000000, 0x0000000100000000)
  region size 1024K, 6 young (6144K), 6 survivors (6144K)
 Metaspace       used 55903K, committed 56512K, reserved 1097728K
  class space    used 7567K, committed 7808K, reserved 1048576K
}
Event: 4,570 GC heap before
{Heap before GC invocations=23 (full 0):
 garbage-first heap   total 157696K, used 109505K [0x0000000080000000, 0x0000000100000000)
  region size 1024K, 25 young (25600K), 6 survivors (6144K)
 Metaspace       used 58073K, committed 58688K, reserved 1105920K
  class space    used 7875K, committed 8128K, reserved 1048576K
}
Event: 4,573 GC heap after
{Heap after GC invocations=24 (full 0):
 garbage-first heap   total 157696K, used 90789K [0x0000000080000000, 0x0000000100000000)
  region size 1024K, 3 young (3072K), 3 survivors (3072K)
 Metaspace       used 58073K, committed 58688K, reserved 1105920K
  class space    used 7875K, committed 8128K, reserved 1048576K
}
Event: 4,792 GC heap before
{Heap before GC invocations=24 (full 0):
 garbage-first heap   total 157696K, used 114341K [0x0000000080000000, 0x0000000100000000)
  region size 1024K, 26 young (26624K), 3 survivors (3072K)
 Metaspace       used 62115K, committed 62784K, reserved 1105920K
  class space    used 8330K, committed 8576K, reserved 1048576K
}
Event: 4,795 GC heap after
{Heap after GC invocations=25 (full 0):
 garbage-first heap   total 157696K, used 91456K [0x0000000080000000, 0x0000000100000000)
  region size 1024K, 3 young (3072K), 3 survivors (3072K)
 Metaspace       used 62115K, committed 62784K, reserved 1105920K
  class space    used 8330K, committed 8576K, reserved 1048576K
}
Event: 5,087 GC heap before
{Heap before GC invocations=26 (full 0):
 garbage-first heap   total 157696K, used 116032K [0x0000000080000000, 0x0000000100000000)
  region size 1024K, 28 young (28672K), 3 survivors (3072K)
 Metaspace       used 66144K, committed 66816K, reserved 1114112K
  class space    used 8880K, committed 9152K, reserved 1048576K
}
Event: 5,091 GC heap after
{Heap after GC invocations=27 (full 0):
 garbage-first heap   total 157696K, used 93873K [0x0000000080000000, 0x0000000100000000)
  region size 1024K, 4 young (4096K), 4 survivors (4096K)
 Metaspace       used 66144K, committed 66816K, reserved 1114112K
  class space    used 8880K, committed 9152K, reserved 1048576K
}
Event: 5,131 GC heap before
{Heap before GC invocations=27 (full 0):
 garbage-first heap   total 157696K, used 97969K [0x0000000080000000, 0x0000000100000000)
  region size 1024K, 7 young (7168K), 4 survivors (4096K)
 Metaspace       used 66436K, committed 67136K, reserved 1114112K
  class space    used 8915K, committed 9216K, reserved 1048576K
}
Event: 5,135 GC heap after
{Heap after GC invocations=28 (full 0):
 garbage-first heap   total 291840K, used 94489K [0x0000000080000000, 0x0000000100000000)
  region size 1024K, 1 young (1024K), 1 survivors (1024K)
 Metaspace       used 66436K, committed 67136K, reserved 1114112K
  class space    used 8915K, committed 9216K, reserved 1048576K
}
Event: 5,954 GC heap before
{Heap before GC invocations=28 (full 0):
 garbage-first heap   total 291840K, used 189721K [0x0000000080000000, 0x0000000100000000)
  region size 1024K, 89 young (91136K), 1 survivors (1024K)
 Metaspace       used 76136K, committed 76800K, reserved 1122304K
  class space    used 10233K, committed 10560K, reserved 1048576K
}
Event: 5,960 GC heap after
{Heap after GC invocations=29 (full 0):
 garbage-first heap   total 291840K, used 99903K [0x0000000080000000, 0x0000000100000000)
  region size 1024K, 8 young (8192K), 8 survivors (8192K)
 Metaspace       used 76136K, committed 76800K, reserved 1122304K
  class space    used 10233K, committed 10560K, reserved 1048576K
}
Event: 6,645 GC heap before
{Heap before GC invocations=29 (full 0):
 garbage-first heap   total 291840K, used 173631K [0x0000000080000000, 0x0000000100000000)
  region size 1024K, 81 young (82944K), 8 survivors (8192K)
 Metaspace       used 82120K, committed 82880K, reserved 1122304K
  class space    used 11040K, committed 11392K, reserved 1048576K
}
Event: 6,652 GC heap after
{Heap after GC invocations=30 (full 0):
 garbage-first heap   total 291840K, used 107105K [0x0000000080000000, 0x0000000100000000)
  region size 1024K, 13 young (13312K), 13 survivors (13312K)
 Metaspace       used 82120K, committed 82880K, reserved 1122304K
  class space    used 11040K, committed 11392K, reserved 1048576K
}
Event: 7,764 GC heap before
{Heap before GC invocations=31 (full 0):
 garbage-first heap   total 291840K, used 225889K [0x0000000080000000, 0x0000000100000000)
  region size 1024K, 106 young (108544K), 13 survivors (13312K)
 Metaspace       used 92389K, committed 93120K, reserved 1130496K
  class space    used 12583K, committed 12928K, reserved 1048576K
}

